<?xml version="1.0" encoding="UTF-8"?>
<!-- Generated by org.testng.reporters.JUnitReportReporter -->
<testsuite hostname="QT-INBG-LT0660" failures="0" tests="1" name="restAssured.PojoClassTests.GetCoursesOAuth2o" time="3.855" errors="0" timestamp="2023-02-02T15:11:50 IST" skipped="0">
  <testcase classname="restAssured.PojoClassTests.GetCoursesOAuth2o" name="getCourses" time="3.855"/>
  <system-out/>
</testsuite> <!-- restAssured.PojoClassTests.GetCoursesOAuth2o -->
