<?xml version="1.0" encoding="UTF-8"?>
<!-- Generated by org.testng.reporters.JUnitReportReporter -->
<testsuite hostname="QT-INBG-LT0660" failures="0" tests="1" name="HandleOAuth20.AddPlaceData" time="2.456" errors="0" timestamp="2023-04-07T17:28:50 IST" skipped="0">
  <testcase classname="HandleOAuth20.AddPlaceData" name="addPlaceValidation" time="2.456"/>
  <system-out/>
</testsuite> <!-- HandleOAuth20.AddPlaceData -->
