<?xml version="1.0" encoding="UTF-8"?>
<!-- Generated by org.testng.reporters.JUnitReportReporter -->
<testsuite hostname="QT-INBG-LT0660" failures="0" tests="1" name="HandleOAuth20.Oauth2_0" time="4.387" errors="0" timestamp="2023-04-06T18:34:57 IST" skipped="0">
  <testcase classname="HandleOAuth20.Oauth2_0" name="generateAccessToken" time="4.387"/>
  <system-out/>
</testsuite> <!-- HandleOAuth20.Oauth2_0 -->
