<?xml version="1.0" encoding="UTF-8"?>
<!-- Generated by org.testng.reporters.JUnitReportReporter -->
<testsuite hostname="QT-INBG-LT0660" failures="0" tests="1" name="restAssured.OAuth20.GetCoursesOAuth2o" time="3.542" errors="0" timestamp="2023-02-02T12:50:06 IST" skipped="0">
  <testcase classname="restAssured.OAuth20.GetCoursesOAuth2o" name="getCourses" time="3.542"/>
  <system-out/>
</testsuite> <!-- restAssured.OAuth20.GetCoursesOAuth2o -->
