<?xml version="1.0" encoding="UTF-8"?>
<!-- Generated by org.testng.reporters.JUnitReportReporter -->
<testsuite hostname="QT-INBG-LT0660" failures="0" tests="1" name="HandleOAuth20.Oauth2_1" time="3.568" errors="0" timestamp="2023-05-08T18:30:58 IST" skipped="0">
  <testcase classname="HandleOAuth20.Oauth2_1" name="generateAccessToken" time="3.568"/>
  <system-out/>
</testsuite> <!-- HandleOAuth20.Oauth2_1 -->
