<?xml version="1.0" encoding="UTF-8"?>
<!-- Generated by org.testng.reporters.JUnitReportReporter -->
<testsuite hostname="QT-INBG-LT0660" failures="0" tests="2" name="HandlingDynamicJson.DynamicJson" time="2.694" errors="0" timestamp="2023-01-31T18:26:58 IST" skipped="0">
  <testcase classname="HandlingDynamicJson.DynamicJson" name="addBookToLibrary" time="0.162"/>
  <system-out/>
  <testcase classname="HandlingDynamicJson.DynamicJson" name="addBookToLibrary" time="2.532"/>
  <system-out/>
</testsuite> <!-- HandlingDynamicJson.DynamicJson -->
