<?xml version="1.0" encoding="UTF-8"?>
<!-- Generated by org.testng.reporters.JUnitReportReporter -->
<testsuite hostname="QT-INBG-LT0660" failures="0" tests="1" name="restAssured.PojoClassTests.Serialize" time="2.206" errors="0" timestamp="2023-02-02T15:57:17 IST" skipped="0">
  <testcase classname="restAssured.PojoClassTests.Serialize" name="addPlace" time="2.206"/>
  <system-out/>
</testsuite> <!-- restAssured.PojoClassTests.Serialize -->
