<?xml version="1.0" encoding="UTF-8"?>
<!-- Generated by org.testng.reporters.JUnitReportReporter -->
<testsuite hostname="QT-INBG-LT0660" failures="0" tests="1" name="restAssured.HandlingDynamicJson.StaticData2" time="2.845" errors="0" timestamp="2023-05-15T19:39:36 IST" skipped="0">
  <testcase classname="restAssured.HandlingDynamicJson.StaticData2" name="staticData" time="2.845"/>
  <system-out/>
</testsuite> <!-- restAssured.HandlingDynamicJson.StaticData2 -->
