<?xml version="1.0" encoding="UTF-8"?>
<!-- Generated by org.testng.reporters.JUnitReportReporter -->
<testsuite hostname="QT-INBG-LT0660" failures="0" tests="2" name="restAssured.HandlingDynamicJson.DynamicJson2" time="2.704" errors="0" timestamp="2023-05-15T19:33:17 IST" skipped="0">
  <testcase classname="restAssured.HandlingDynamicJson.DynamicJson2" name="addBookToLibrary" time="0.255"/>
  <system-out/>
  <testcase classname="restAssured.HandlingDynamicJson.DynamicJson2" name="addBookToLibrary" time="2.449"/>
  <system-out/>
</testsuite> <!-- restAssured.HandlingDynamicJson.DynamicJson2 -->
