<?xml version="1.0" encoding="UTF-8"?>
<!-- Generated by org.testng.reporters.JUnitReportReporter -->
<testsuite hostname="QT-INBG-LT0660" failures="0" tests="1" name="restAssured.PojoClassTests.Serialize2" time="3.312" errors="0" timestamp="2023-05-17T12:50:08 IST" skipped="0">
  <testcase classname="restAssured.PojoClassTests.Serialize2" name="addPlace" time="3.312"/>
  <system-out/>
</testsuite> <!-- restAssured.PojoClassTests.Serialize2 -->
