<?xml version="1.0" encoding="UTF-8"?>
<!-- Generated by org.testng.reporters.JUnitReportReporter -->
<testsuite hostname="QT-INBG-LT0660" failures="0" tests="1" name="HandlingDynamicJson.StaticData" time="9.016" errors="0" timestamp="2023-01-31T18:53:48 IST" skipped="0">
  <testcase classname="HandlingDynamicJson.StaticData" name="staticData" time="9.016"/>
  <system-out/>
</testsuite> <!-- HandlingDynamicJson.StaticData -->
