<?xml version="1.0" encoding="UTF-8"?>
<!-- Generated by org.testng.reporters.JUnitReportReporter -->
<testsuite hostname="QT-INBG-LT0660" failures="0" tests="1" name="restAssured.eCommerce.ECommerce" time="7.777" errors="0" timestamp="2023-02-08T17:48:55 IST" skipped="0">
  <testcase classname="restAssured.eCommerce.ECommerce" name="getEcommerceProducts" time="7.777"/>
  <system-out/>
</testsuite> <!-- restAssured.eCommerce.ECommerce -->
