<?xml version="1.0" encoding="UTF-8"?>
<!-- Generated by org.testng.reporters.JUnitReportReporter -->
<testsuite hostname="QT-INBG-LT0660" failures="0" tests="1" name="QAs.ResponseTimeValidation" time="1.888" errors="0" timestamp="2023-02-09T11:42:18 IST" skipped="0">
  <testcase classname="QAs.ResponseTimeValidation" name="responseTime" time="1.888"/>
  <system-out/>
</testsuite> <!-- QAs.ResponseTimeValidation -->
