<?xml version="1.0" encoding="UTF-8"?>
<!-- Generated by org.testng.reporters.JUnitReportReporter -->
<testsuite hostname="QT-INBG-LT0660" failures="0" tests="1" name="restAssured.OAuth20.GetCoursesOAuth2o2" time="3.578" errors="0" timestamp="2023-05-16T17:12:51 IST" skipped="0">
  <testcase classname="restAssured.OAuth20.GetCoursesOAuth2o2" name="getCourses" time="3.578"/>
  <system-out/>
</testsuite> <!-- restAssured.OAuth20.GetCoursesOAuth2o2 -->
