<?xml version="1.0" encoding="UTF-8"?>
<!-- Generated by org.testng.reporters.JUnitReportReporter -->
<testsuite hostname="QT-INBG-LT0660" failures="0" tests="1" name="HandleOAuth20.Oauth2_Pojo" time="3.391" errors="0" timestamp="2023-04-07T13:24:57 IST" skipped="0">
  <testcase classname="HandleOAuth20.Oauth2_Pojo" name="generateAccessToken" time="3.391"/>
  <system-out/>
</testsuite> <!-- HandleOAuth20.Oauth2_Pojo -->
