<?xml version="1.0" encoding="UTF-8"?>
<!-- Generated by org.testng.reporters.JUnitReportReporter -->
<testsuite hostname="QT-INBG-LT0660" failures="0" tests="1" name="restAssured.PojoClassTests.DeserializeOAuth2o2" time="3.885" errors="0" timestamp="2023-05-16T22:59:33 IST" skipped="0">
  <testcase classname="restAssured.PojoClassTests.DeserializeOAuth2o2" name="getCourses" time="3.885"/>
  <system-out/>
</testsuite> <!-- restAssured.PojoClassTests.DeserializeOAuth2o2 -->
