<?xml version="1.0" encoding="UTF-8"?>
<!-- Generated by org.testng.reporters.JUnitReportReporter -->
<testsuite hostname="QT-INBG-LT0660" failures="0" tests="1" name="DivingDepthAutomationsAPIs.sumOfCoursePrice" time="1.567" errors="0" timestamp="2023-01-31T17:15:02 IST" skipped="0">
  <testcase classname="DivingDepthAutomationsAPIs.sumOfCoursePrice" name="sumPriceValidations" time="1.567"/>
  <system-out/>
</testsuite> <!-- DivingDepthAutomationsAPIs.sumOfCoursePrice -->
