<?xml version="1.0" encoding="UTF-8"?>
<!-- Generated by org.testng.reporters.JUnitReportReporter -->
<testsuite hostname="QT-INBG-LT0660" failures="0" tests="2" name="DepthAndDynamicJsonAPIs.DynamicJsonWithDataProvider" time="2.105" errors="0" timestamp="2023-03-31T15:26:49 IST" skipped="0">
  <testcase classname="DepthAndDynamicJsonAPIs.DynamicJsonWithDataProvider" name="addBook" time="1.895"/>
  <system-out/>
  <testcase classname="DepthAndDynamicJsonAPIs.DynamicJsonWithDataProvider" name="addBook" time="0.210"/>
  <system-out/>
</testsuite> <!-- DepthAndDynamicJsonAPIs.DynamicJsonWithDataProvider -->
